C:\Program Files\Microsoft Visual Studio\2022\Community\MSBuild\Microsoft\VC\v170\Microsoft.CppBuild.targets(531,5): warning MSB8028: The intermediate directory (x64\Release\) contains files shared from another project (Envy.vcxproj).  This can lead to incorrect clean and rebuild behavior.
  Exploits.cpp
C:\Program Files\Unity 2021.3.4f1\Editor\Data\il2cpp\libil2cpp\os\c-api\il2cpp-config-platforms.h(116,9): warning C4005: 'NTDDI_VERSION': macro redefinition
  (compiling source file 'Exploits.cpp')
      C:\Program Files (x86)\Windows Kits\10\Include\10.0.26100.0\shared\sdkddkver.h(238,9):
      see previous definition of 'NTDDI_VERSION'
  
C:\Program Files\Unity 2021.3.4f1\Editor\Data\il2cpp\libil2cpp\os\c-api\il2cpp-config-platforms.h(117,9): warning C4005: '_WIN32_WINNT': macro redefinition
  (compiling source file 'Exploits.cpp')
      C:\Program Files (x86)\Windows Kits\10\Include\10.0.26100.0\shared\sdkddkver.h(228,10):
      see previous definition of '_WIN32_WINNT'
  
C:\Program Files\Unity 2021.3.4f1\Editor\Data\il2cpp\libil2cpp\os\c-api\il2cpp-config-platforms.h(118,9): warning C4005: 'WINVER': macro redefinition
  (compiling source file 'Exploits.cpp')
      C:\Program Files (x86)\Windows Kits\10\Include\10.0.26100.0\shared\sdkddkver.h(249,9):
      see previous definition of 'WINVER'
  
C:\Users\lndei\source\repos\Envy Internal\Envy Public\Memory\pattern.hpp(23,18): warning C4018: '>=': signed/unsigned mismatch
  (compiling source file 'Exploits.cpp')
  
  Generating code
  16 of 575 functions ( 2.8%) were compiled, the rest were copied from previous compilation.
    0 functions were new in current compilation
    7 functions had inline decision re-evaluated but remain unchanged
  Finished generating code
  Envy Public.vcxproj -> C:\Users\lndei\source\repos\Envy Internal\x64\Release\Public.dll
  'pwsh.exe' is not recognized as an internal or external command,
  operable program or batch file.
